<?xml version="1.0" encoding="UTF-8"?>
<!-- Generated by org.testng.reporters.JUnitReportReporter -->
<testsuite hostname="LAPTOP-P51UDK63" failures="0" tests="4" name="day04._04_DataProviderMultidimensional" time="0.010" errors="0" timestamp="2024-03-25T17:30:49 CET" skipped="0">
  <testcase classname="day04._04_DataProviderMultidimensional" name="userTest" time="0.006"/>
  <testcase classname="day04._04_DataProviderMultidimensional" name="userTest" time="0.001"/>
  <testcase classname="day04._04_DataProviderMultidimensional" name="userTest" time="0.002"/>
  <testcase classname="day04._04_DataProviderMultidimensional" name="userTest" time="0.001"/>
</testsuite> <!-- day04._04_DataProviderMultidimensional -->
